

Sat Mar 14 10:51:32 2015
Class Tree
Message: TREE
Height: 3


Sat Mar 14 10:51:32 2015
Class LeafNode
Message: NODE
store: 1	num: 2	flag: 2685411328
prev: 0x20d32820	next: (nil)


Sat Mar 14 10:51:32 2015
Class Bstr
Message: BSTR
length: 1	 the string is:
V


Sat Mar 14 10:51:32 2015
Class Bstr
Message: BSTR
length: 1	 the string is:
x


Sat Mar 14 10:51:32 2015
Class Bstr
Message: BSTR
length: 3	 the string is:
VDJ


Sat Mar 14 10:51:32 2015
Class Bstr
Message: BSTR
length: 1	 the string is:
f


Sat Mar 14 10:51:32 2015
Class LeafNode
Message: NODE
store: 2	num: 2	flag: 2685411328
prev: 0x20d327a0	next: 0x20d328a0


Sat Mar 14 10:51:32 2015
Class Bstr
Message: BSTR
length: 10	 the string is:
SJJRNZBZMK


Sat Mar 14 10:51:32 2015
Class Bstr
Message: BSTR
length: 9	 the string is:
fpxhylbkf


Sat Mar 14 10:51:32 2015
Class Bstr
Message: BSTR
length: 10	 the string is:
TBJFINZABY


Sat Mar 14 10:51:32 2015
Class Bstr
Message: BSTR
length: 9	 the string is:
mhlzjpyvb


Sat Mar 14 10:51:32 2015
Class IntlNode
Message: NODE
store: 4	num: 1	flag: 539496448


Sat Mar 14 10:51:32 2015
Class Bstr
Message: BSTR
length: 1	 the string is:
V


Sat Mar 14 10:51:32 2015
Class LeafNode
Message: NODE
store: 3	num: 2	flag: 2685411328
prev: 0x20d32690	next: 0x20d32820


Sat Mar 14 10:51:32 2015
Class Bstr
Message: BSTR
length: 3	 the string is:
QKJ


Sat Mar 14 10:51:32 2015
Class Bstr
Message: BSTR
length: 5	 the string is:
iztdw


Sat Mar 14 10:51:32 2015
Class Bstr
Message: BSTR
length: 4	 the string is:
RXYC


Sat Mar 14 10:51:32 2015
Class Bstr
Message: BSTR
length: 1	 the string is:
x


Sat Mar 14 10:51:32 2015
Class LeafNode
Message: NODE
store: 5	num: 2	flag: 2685411328
prev: 0x20d32610	next: 0x20d327a0


Sat Mar 14 10:51:32 2015
Class Bstr
Message: BSTR
length: 9	 the string is:
JMSKUAJWG


Sat Mar 14 10:51:32 2015
Class Bstr
Message: BSTR
length: 5	 the string is:
hdrso


Sat Mar 14 10:51:32 2015
Class Bstr
Message: BSTR
length: 9	 the string is:
PVBBFMDOD


Sat Mar 14 10:51:32 2015
Class Bstr
Message: BSTR
length: 8	 the string is:
lecpucai


Sat Mar 14 10:51:32 2015
Class LeafNode
Message: NODE
store: 6	num: 1	flag: 2685931520
prev: (nil)	next: 0x20d32690


Sat Mar 14 10:51:32 2015
Class Bstr
Message: BSTR
length: 2	 the string is:
CQ


Sat Mar 14 10:51:32 2015
Class Bstr
Message: BSTR
length: 7	 the string is:
lojmyqo


Sat Mar 14 10:51:32 2015
Class IntlNode
Message: NODE
store: 7	num: 2	flag: 539500544


Sat Mar 14 10:51:32 2015
Class Bstr
Message: BSTR
length: 9	 the string is:
JMSKUAJWG


Sat Mar 14 10:51:32 2015
Class Bstr
Message: BSTR
length: 3	 the string is:
QKJ


Sat Mar 14 10:51:32 2015
Class IntlNode
Message: NODE
store: 8	num: 1	flag: 540545024


Sat Mar 14 10:51:32 2015
Class Bstr
Message: BSTR
length: 10	 the string is:
SJJRNZBZMK


Sat Mar 14 10:51:32 2015
Class Tree
Message: TREE
Height: 3


Sat Mar 14 10:51:32 2015
Class LeafNode
Message: NODE
store: 1	num: 1	flag: 2685931520
prev: 0x20d32820	next: (nil)


Sat Mar 14 10:51:32 2015
Class Bstr
Message: BSTR
length: 1	 the string is:
V


Sat Mar 14 10:51:32 2015
Class Bstr
Message: BSTR
length: 1	 the string is:
x


Sat Mar 14 10:51:32 2015
Class LeafNode
Message: NODE
store: 2	num: 2	flag: 2685411328
prev: 0x20d327a0	next: 0x20d328a0


Sat Mar 14 10:51:32 2015
Class Bstr
Message: BSTR
length: 10	 the string is:
SJJRNZBZMK


Sat Mar 14 10:51:32 2015
Class Bstr
Message: BSTR
length: 9	 the string is:
fpxhylbkf


Sat Mar 14 10:51:32 2015
Class Bstr
Message: BSTR
length: 10	 the string is:
TBJFINZABY


Sat Mar 14 10:51:32 2015
Class Bstr
Message: BSTR
length: 9	 the string is:
mhlzjpyvb


Sat Mar 14 10:51:32 2015
Class LeafNode
Message: NODE
store: 3	num: 2	flag: 2685411328
prev: 0x20d32690	next: 0x20d32820


Sat Mar 14 10:51:32 2015
Class Bstr
Message: BSTR
length: 3	 the string is:
QKJ


Sat Mar 14 10:51:32 2015
Class Bstr
Message: BSTR
length: 5	 the string is:
iztdw


Sat Mar 14 10:51:32 2015
Class Bstr
Message: BSTR
length: 4	 the string is:
RXYC


Sat Mar 14 10:51:32 2015
Class Bstr
Message: BSTR
length: 1	 the string is:
x


Sat Mar 14 10:51:32 2015
Class IntlNode
Message: NODE
store: 4	num: 2	flag: 539500544


Sat Mar 14 10:51:32 2015
Class Bstr
Message: BSTR
length: 10	 the string is:
SJJRNZBZMK


Sat Mar 14 10:51:32 2015
Class Bstr
Message: BSTR
length: 1	 the string is:
V


Sat Mar 14 10:51:32 2015
Class LeafNode
Message: NODE
store: 5	num: 2	flag: 2685411328
prev: 0x20d32610	next: 0x20d327a0


Sat Mar 14 10:51:32 2015
Class Bstr
Message: BSTR
length: 9	 the string is:
JMSKUAJWG


Sat Mar 14 10:51:32 2015
Class Bstr
Message: BSTR
length: 5	 the string is:
hdrso


Sat Mar 14 10:51:32 2015
Class Bstr
Message: BSTR
length: 9	 the string is:
PVBBFMDOD


Sat Mar 14 10:51:32 2015
Class Bstr
Message: BSTR
length: 8	 the string is:
lecpucai


Sat Mar 14 10:51:32 2015
Class LeafNode
Message: NODE
store: 6	num: 1	flag: 2685931520
prev: (nil)	next: 0x20d32690


Sat Mar 14 10:51:32 2015
Class Bstr
Message: BSTR
length: 2	 the string is:
CQ


Sat Mar 14 10:51:32 2015
Class Bstr
Message: BSTR
length: 7	 the string is:
lojmyqo


Sat Mar 14 10:51:32 2015
Class IntlNode
Message: NODE
store: 7	num: 1	flag: 539496448


Sat Mar 14 10:51:32 2015
Class Bstr
Message: BSTR
length: 9	 the string is:
JMSKUAJWG


Sat Mar 14 10:51:32 2015
Class IntlNode
Message: NODE
store: 8	num: 1	flag: 540545024


Sat Mar 14 10:51:32 2015
Class Bstr
Message: BSTR
length: 3	 the string is:
QKJ


Sat Mar 14 10:51:32 2015
Class Tree
Message: TREE
Height: 3


Sat Mar 14 10:51:32 2015
Class LeafNode
Message: NODE
store: 1	num: 1	flag: 2685931520
prev: 0x20d32820	next: (nil)


Sat Mar 14 10:51:32 2015
Class Bstr
Message: BSTR
length: 10	 the string is:
TBJFINZABY


Sat Mar 14 10:51:32 2015
Class Bstr
Message: BSTR
length: 9	 the string is:
mhlzjpyvb


Sat Mar 14 10:51:32 2015
Class LeafNode
Message: NODE
store: 2	num: 1	flag: 2685931520
prev: 0x20d327a0	next: 0x20d328a0


Sat Mar 14 10:51:32 2015
Class Bstr
Message: BSTR
length: 10	 the string is:
SJJRNZBZMK


Sat Mar 14 10:51:32 2015
Class Bstr
Message: BSTR
length: 9	 the string is:
fpxhylbkf


Sat Mar 14 10:51:32 2015
Class LeafNode
Message: NODE
store: 3	num: 2	flag: 2685411328
prev: 0x20d32690	next: 0x20d32820


Sat Mar 14 10:51:32 2015
Class Bstr
Message: BSTR
length: 3	 the string is:
QKJ


Sat Mar 14 10:51:32 2015
Class Bstr
Message: BSTR
length: 5	 the string is:
iztdw


Sat Mar 14 10:51:32 2015
Class Bstr
Message: BSTR
length: 4	 the string is:
RXYC


Sat Mar 14 10:51:32 2015
Class Bstr
Message: BSTR
length: 1	 the string is:
x


Sat Mar 14 10:51:32 2015
Class IntlNode
Message: NODE
store: 4	num: 2	flag: 539500544


Sat Mar 14 10:51:32 2015
Class Bstr
Message: BSTR
length: 10	 the string is:
SJJRNZBZMK


Sat Mar 14 10:51:32 2015
Class Bstr
Message: BSTR
length: 10	 the string is:
TBJFINZABY


Sat Mar 14 10:51:32 2015
Class LeafNode
Message: NODE
store: 5	num: 2	flag: 2685411328
prev: 0x20d32610	next: 0x20d327a0


Sat Mar 14 10:51:32 2015
Class Bstr
Message: BSTR
length: 9	 the string is:
JMSKUAJWG


Sat Mar 14 10:51:32 2015
Class Bstr
Message: BSTR
length: 5	 the string is:
hdrso


Sat Mar 14 10:51:32 2015
Class Bstr
Message: BSTR
length: 9	 the string is:
PVBBFMDOD


Sat Mar 14 10:51:32 2015
Class Bstr
Message: BSTR
length: 8	 the string is:
lecpucai


Sat Mar 14 10:51:32 2015
Class LeafNode
Message: NODE
store: 6	num: 1	flag: 2685931520
prev: (nil)	next: 0x20d32690


Sat Mar 14 10:51:32 2015
Class Bstr
Message: BSTR
length: 2	 the string is:
CQ


Sat Mar 14 10:51:32 2015
Class Bstr
Message: BSTR
length: 7	 the string is:
lojmyqo


Sat Mar 14 10:51:32 2015
Class IntlNode
Message: NODE
store: 7	num: 1	flag: 539496448


Sat Mar 14 10:51:32 2015
Class Bstr
Message: BSTR
length: 9	 the string is:
JMSKUAJWG


Sat Mar 14 10:51:32 2015
Class IntlNode
Message: NODE
store: 8	num: 1	flag: 540545024


Sat Mar 14 10:51:32 2015
Class Bstr
Message: BSTR
length: 3	 the string is:
QKJ


Sat Mar 14 10:51:32 2015
Class Tree
Message: TREE
Height: 3


Sat Mar 14 10:51:32 2015
Class LeafNode
Message: NODE
store: 1	num: 1	flag: 2685931520
prev: 0x20d32820	next: (nil)


Sat Mar 14 10:51:32 2015
Class Bstr
Message: BSTR
length: 10	 the string is:
TBJFINZABY


Sat Mar 14 10:51:32 2015
Class Bstr
Message: BSTR
length: 9	 the string is:
mhlzjpyvb


Sat Mar 14 10:51:32 2015
Class LeafNode
Message: NODE
store: 2	num: 1	flag: 2685931520
prev: 0x20d327a0	next: 0x20d328a0


Sat Mar 14 10:51:32 2015
Class Bstr
Message: BSTR
length: 10	 the string is:
SJJRNZBZMK


Sat Mar 14 10:51:32 2015
Class Bstr
Message: BSTR
length: 9	 the string is:
fpxhylbkf


Sat Mar 14 10:51:32 2015
Class LeafNode
Message: NODE
store: 3	num: 1	flag: 2685931520
prev: 0x20d32690	next: 0x20d32820


Sat Mar 14 10:51:32 2015
Class Bstr
Message: BSTR
length: 4	 the string is:
RXYC


Sat Mar 14 10:51:32 2015
Class Bstr
Message: BSTR
length: 1	 the string is:
x


Sat Mar 14 10:51:32 2015
Class IntlNode
Message: NODE
store: 4	num: 2	flag: 539500544


Sat Mar 14 10:51:32 2015
Class Bstr
Message: BSTR
length: 10	 the string is:
SJJRNZBZMK


Sat Mar 14 10:51:32 2015
Class Bstr
Message: BSTR
length: 10	 the string is:
TBJFINZABY


Sat Mar 14 10:51:32 2015
Class LeafNode
Message: NODE
store: 5	num: 2	flag: 2685411328
prev: 0x20d32610	next: 0x20d327a0


Sat Mar 14 10:51:32 2015
Class Bstr
Message: BSTR
length: 9	 the string is:
JMSKUAJWG


Sat Mar 14 10:51:32 2015
Class Bstr
Message: BSTR
length: 5	 the string is:
hdrso


Sat Mar 14 10:51:32 2015
Class Bstr
Message: BSTR
length: 9	 the string is:
PVBBFMDOD


Sat Mar 14 10:51:32 2015
Class Bstr
Message: BSTR
length: 8	 the string is:
lecpucai


Sat Mar 14 10:51:32 2015
Class LeafNode
Message: NODE
store: 6	num: 1	flag: 2685931520
prev: (nil)	next: 0x20d32690


Sat Mar 14 10:51:32 2015
Class Bstr
Message: BSTR
length: 2	 the string is:
CQ


Sat Mar 14 10:51:32 2015
Class Bstr
Message: BSTR
length: 7	 the string is:
lojmyqo


Sat Mar 14 10:51:32 2015
Class IntlNode
Message: NODE
store: 7	num: 1	flag: 539496448


Sat Mar 14 10:51:32 2015
Class Bstr
Message: BSTR
length: 9	 the string is:
JMSKUAJWG


Sat Mar 14 10:51:32 2015
Class IntlNode
Message: NODE
store: 8	num: 1	flag: 540545024


Sat Mar 14 10:51:32 2015
Class Bstr
Message: BSTR
length: 3	 the string is:
QKJ


Sat Mar 14 10:51:32 2015
Class Tree
Message: TREE
Height: 3


Sat Mar 14 10:51:32 2015
Class LeafNode
Message: NODE
store: 1	num: 1	flag: 2685931520
prev: 0x20d32820	next: (nil)


Sat Mar 14 10:51:32 2015
Class Bstr
Message: BSTR
length: 10	 the string is:
TBJFINZABY


Sat Mar 14 10:51:32 2015
Class Bstr
Message: BSTR
length: 9	 the string is:
mhlzjpyvb


Sat Mar 14 10:51:32 2015
Class LeafNode
Message: NODE
store: 2	num: 1	flag: 2685931520
prev: 0x20d327a0	next: 0x20d328a0


Sat Mar 14 10:51:32 2015
Class Bstr
Message: BSTR
length: 10	 the string is:
SJJRNZBZMK


Sat Mar 14 10:51:32 2015
Class Bstr
Message: BSTR
length: 9	 the string is:
fpxhylbkf


Sat Mar 14 10:51:32 2015
Class IntlNode
Message: NODE
store: 4	num: 1	flag: 539496448


Sat Mar 14 10:51:32 2015
Class Bstr
Message: BSTR
length: 10	 the string is:
TBJFINZABY


Sat Mar 14 10:51:32 2015
Class LeafNode
Message: NODE
store: 3	num: 1	flag: 2685931520
prev: 0x20d32690	next: 0x20d32820


Sat Mar 14 10:51:32 2015
Class Bstr
Message: BSTR
length: 4	 the string is:
RXYC


Sat Mar 14 10:51:32 2015
Class Bstr
Message: BSTR
length: 1	 the string is:
x


Sat Mar 14 10:51:32 2015
Class LeafNode
Message: NODE
store: 5	num: 1	flag: 2685931520
prev: 0x20d32610	next: 0x20d327a0


Sat Mar 14 10:51:32 2015
Class Bstr
Message: BSTR
length: 9	 the string is:
PVBBFMDOD


Sat Mar 14 10:51:32 2015
Class Bstr
Message: BSTR
length: 8	 the string is:
lecpucai


Sat Mar 14 10:51:32 2015
Class LeafNode
Message: NODE
store: 6	num: 1	flag: 2685931520
prev: (nil)	next: 0x20d32690


Sat Mar 14 10:51:32 2015
Class Bstr
Message: BSTR
length: 2	 the string is:
CQ


Sat Mar 14 10:51:32 2015
Class Bstr
Message: BSTR
length: 7	 the string is:
lojmyqo


Sat Mar 14 10:51:32 2015
Class IntlNode
Message: NODE
store: 7	num: 2	flag: 539500544


Sat Mar 14 10:51:32 2015
Class Bstr
Message: BSTR
length: 9	 the string is:
JMSKUAJWG


Sat Mar 14 10:51:32 2015
Class Bstr
Message: BSTR
length: 3	 the string is:
QKJ


Sat Mar 14 10:51:32 2015
Class IntlNode
Message: NODE
store: 8	num: 1	flag: 540545024


Sat Mar 14 10:51:32 2015
Class Bstr
Message: BSTR
length: 10	 the string is:
SJJRNZBZMK


Sat Mar 14 10:51:32 2015
Class Tree
Message: TREE
Height: 3


Sat Mar 14 10:51:32 2015
Class LeafNode
Message: NODE
store: 2	num: 1	flag: 2685931520
prev: 0x20d327a0	next: (nil)


Sat Mar 14 10:51:32 2015
Class Bstr
Message: BSTR
length: 10	 the string is:
TBJFINZABY


Sat Mar 14 10:51:32 2015
Class Bstr
Message: BSTR
length: 9	 the string is:
mhlzjpyvb


Sat Mar 14 10:51:32 2015
Class LeafNode
Message: NODE
store: 3	num: 1	flag: 2685931520
prev: 0x20d32690	next: 0x20d32820


Sat Mar 14 10:51:32 2015
Class Bstr
Message: BSTR
length: 4	 the string is:
RXYC


Sat Mar 14 10:51:32 2015
Class Bstr
Message: BSTR
length: 1	 the string is:
x


Sat Mar 14 10:51:32 2015
Class IntlNode
Message: NODE
store: 4	num: 1	flag: 539496448


Sat Mar 14 10:51:32 2015
Class Bstr
Message: BSTR
length: 10	 the string is:
SJJRNZBZMK


Sat Mar 14 10:51:32 2015
Class LeafNode
Message: NODE
store: 5	num: 1	flag: 2685931520
prev: 0x20d32610	next: 0x20d327a0


Sat Mar 14 10:51:32 2015
Class Bstr
Message: BSTR
length: 9	 the string is:
PVBBFMDOD


Sat Mar 14 10:51:32 2015
Class Bstr
Message: BSTR
length: 8	 the string is:
lecpucai


Sat Mar 14 10:51:32 2015
Class LeafNode
Message: NODE
store: 6	num: 1	flag: 2685931520
prev: (nil)	next: 0x20d32690


Sat Mar 14 10:51:32 2015
Class Bstr
Message: BSTR
length: 2	 the string is:
CQ


Sat Mar 14 10:51:32 2015
Class Bstr
Message: BSTR
length: 7	 the string is:
lojmyqo


Sat Mar 14 10:51:32 2015
Class IntlNode
Message: NODE
store: 7	num: 1	flag: 539496448


Sat Mar 14 10:51:32 2015
Class Bstr
Message: BSTR
length: 9	 the string is:
JMSKUAJWG


Sat Mar 14 10:51:32 2015
Class IntlNode
Message: NODE
store: 8	num: 1	flag: 540545024


Sat Mar 14 10:51:32 2015
Class Bstr
Message: BSTR
length: 3	 the string is:
QKJ


Sat Mar 14 10:51:32 2015
Class Tree
Message: TREE
Height: 2


Sat Mar 14 10:51:32 2015
Class LeafNode
Message: NODE
store: 2	num: 1	flag: 2685931520
prev: 0x20d32690	next: (nil)


Sat Mar 14 10:51:32 2015
Class Bstr
Message: BSTR
length: 4	 the string is:
RXYC


Sat Mar 14 10:51:32 2015
Class Bstr
Message: BSTR
length: 1	 the string is:
x


Sat Mar 14 10:51:32 2015
Class LeafNode
Message: NODE
store: 5	num: 1	flag: 2685931520
prev: 0x20d32610	next: 0x20d32820


Sat Mar 14 10:51:32 2015
Class Bstr
Message: BSTR
length: 9	 the string is:
PVBBFMDOD


Sat Mar 14 10:51:32 2015
Class Bstr
Message: BSTR
length: 8	 the string is:
lecpucai


Sat Mar 14 10:51:32 2015
Class LeafNode
Message: NODE
store: 6	num: 1	flag: 2685931520
prev: (nil)	next: 0x20d32690


Sat Mar 14 10:51:32 2015
Class Bstr
Message: BSTR
length: 2	 the string is:
CQ


Sat Mar 14 10:51:32 2015
Class Bstr
Message: BSTR
length: 7	 the string is:
lojmyqo


Sat Mar 14 10:51:32 2015
Class IntlNode
Message: NODE
store: 4	num: 2	flag: 539500544


Sat Mar 14 10:51:32 2015
Class Bstr
Message: BSTR
length: 9	 the string is:
JMSKUAJWG


Sat Mar 14 10:51:32 2015
Class Bstr
Message: BSTR
length: 3	 the string is:
QKJ


Sat Mar 14 10:51:32 2015
Class Tree
Message: TREE
Height: 2


Sat Mar 14 10:51:32 2015
Class LeafNode
Message: NODE
store: 2	num: 1	flag: 2685931520
prev: 0x20d32610	next: (nil)


Sat Mar 14 10:51:32 2015
Class Bstr
Message: BSTR
length: 4	 the string is:
RXYC


Sat Mar 14 10:51:32 2015
Class Bstr
Message: BSTR
length: 1	 the string is:
x


Sat Mar 14 10:51:32 2015
Class LeafNode
Message: NODE
store: 6	num: 1	flag: 2685931520
prev: (nil)	next: 0x20d32820


Sat Mar 14 10:51:32 2015
Class Bstr
Message: BSTR
length: 9	 the string is:
PVBBFMDOD


Sat Mar 14 10:51:32 2015
Class Bstr
Message: BSTR
length: 8	 the string is:
lecpucai


Sat Mar 14 10:51:32 2015
Class IntlNode
Message: NODE
store: 4	num: 1	flag: 539496448


Sat Mar 14 10:51:32 2015
Class Bstr
Message: BSTR
length: 3	 the string is:
QKJ


Sat Mar 14 10:51:32 2015
Class Tree
Message: TREE
Height: 1


Sat Mar 14 10:51:32 2015
Class LeafNode
Message: NODE
store: 2	num: 1	flag: 2685931520
prev: (nil)	next: (nil)


Sat Mar 14 10:51:32 2015
Class Bstr
Message: BSTR
length: 9	 the string is:
PVBBFMDOD


Sat Mar 14 10:51:32 2015
Class Bstr
Message: BSTR
length: 8	 the string is:
lecpucai


Sat Mar 14 10:51:32 2015
Class Tree
Message: TREE
Height: 0
Null Tree
